12-01 23:56:06 com_github_MitjaNemec_PlaceFootprints.action_place_footprints 647:Plugin executed on: 'win32'
12-01 23:56:06 com_github_MitjaNemec_PlaceFootprints.action_place_footprints 648:Plugin executed with python version: '3.11.5 (main, Aug 14 2024, 05:26:19) [MSC v.1939 64 bit (AMD64)]'
12-01 23:56:06 com_github_MitjaNemec_PlaceFootprints.action_place_footprints 649:KiCad build version: 8.0.6
12-01 23:56:06 com_github_MitjaNemec_PlaceFootprints.action_place_footprints 650:Plugin version: 3.0.0
12-01 23:56:06 com_github_MitjaNemec_PlaceFootprints.action_place_footprints 651:Frame repr: <wx._core.Frame object at 0x000001F2DB7E9CF0>
12-01 23:56:06 com_github_MitjaNemec_PlaceFootprints.place_footprints 121:getting a list of all footprints on board
12-01 23:56:06 com_github_MitjaNemec_PlaceFootprints.place_footprints 156:Footprint S3 on root level
12-01 23:56:06 com_github_MitjaNemec_PlaceFootprints.place_footprints 156:Footprint D62 on root level
12-01 23:56:06 com_github_MitjaNemec_PlaceFootprints.place_footprints 156:Footprint D37 on root level
12-01 23:56:06 com_github_MitjaNemec_PlaceFootprints.place_footprints 156:Footprint C8 on root level
12-01 23:56:06 com_github_MitjaNemec_PlaceFootprints.place_footprints 156:Footprint C9 on root level
12-01 23:56:06 com_github_MitjaNemec_PlaceFootprints.place_footprints 156:Footprint D19 on root level
12-01 23:56:06 com_github_MitjaNemec_PlaceFootprints.place_footprints 156:Footprint D55 on root level
12-01 23:56:06 com_github_MitjaNemec_PlaceFootprints.place_footprints 156:Footprint LED28 on root level
12-01 23:56:06 com_github_MitjaNemec_PlaceFootprints.place_footprints 156:Footprint C14 on root level
12-01 23:56:06 com_github_MitjaNemec_PlaceFootprints.place_footprints 156:Footprint LED29 on root level
12-01 23:56:06 com_github_MitjaNemec_PlaceFootprints.place_footprints 156:Footprint LED27 on root level
12-01 23:56:06 com_github_MitjaNemec_PlaceFootprints.place_footprints 156:Footprint LED25 on root level
12-01 23:56:06 com_github_MitjaNemec_PlaceFootprints.place_footprints 156:Footprint D54 on root level
12-01 23:56:06 com_github_MitjaNemec_PlaceFootprints.place_footprints 156:Footprint U1 on root level
12-01 23:56:06 com_github_MitjaNemec_PlaceFootprints.place_footprints 156:Footprint LED19 on root level
12-01 23:56:06 com_github_MitjaNemec_PlaceFootprints.place_footprints 156:Footprint D38 on root level
12-01 23:56:06 com_github_MitjaNemec_PlaceFootprints.place_footprints 156:Footprint LED13 on root level
12-01 23:56:06 com_github_MitjaNemec_PlaceFootprints.place_footprints 156:Footprint C40 on root level
12-01 23:56:06 com_github_MitjaNemec_PlaceFootprints.place_footprints 156:Footprint C20 on root level
12-01 23:56:06 com_github_MitjaNemec_PlaceFootprints.place_footprints 156:Footprint D60 on root level
12-01 23:56:06 com_github_MitjaNemec_PlaceFootprints.place_footprints 156:Footprint S15 on root level
12-01 23:56:06 com_github_MitjaNemec_PlaceFootprints.place_footprints 156:Footprint D4 on root level
12-01 23:56:06 com_github_MitjaNemec_PlaceFootprints.place_footprints 156:Footprint LED16 on root level
12-01 23:56:06 com_github_MitjaNemec_PlaceFootprints.place_footprints 156:Footprint S7 on root level
12-01 23:56:06 com_github_MitjaNemec_PlaceFootprints.place_footprints 156:Footprint D42 on root level
12-01 23:56:06 com_github_MitjaNemec_PlaceFootprints.place_footprints 156:Footprint S5 on root level
12-01 23:56:06 com_github_MitjaNemec_PlaceFootprints.place_footprints 156:Footprint D60 on root level
12-01 23:56:06 com_github_MitjaNemec_PlaceFootprints.place_footprints 156:Footprint D51 on root level
12-01 23:56:06 com_github_MitjaNemec_PlaceFootprints.place_footprints 156:Footprint C12 on root level
12-01 23:56:06 com_github_MitjaNemec_PlaceFootprints.place_footprints 156:Footprint C3 on root level
12-01 23:56:06 com_github_MitjaNemec_PlaceFootprints.place_footprints 156:Footprint D41 on root level
12-01 23:56:06 com_github_MitjaNemec_PlaceFootprints.place_footprints 156:Footprint C33 on root level
12-01 23:56:06 com_github_MitjaNemec_PlaceFootprints.place_footprints 156:Footprint D44 on root level
12-01 23:56:06 com_github_MitjaNemec_PlaceFootprints.place_footprints 156:Footprint D34 on root level
12-01 23:56:06 com_github_MitjaNemec_PlaceFootprints.place_footprints 156:Footprint D39 on root level
12-01 23:56:06 com_github_MitjaNemec_PlaceFootprints.place_footprints 156:Footprint LED4 on root level
12-01 23:56:06 com_github_MitjaNemec_PlaceFootprints.place_footprints 156:Footprint C7 on root level
12-01 23:56:06 com_github_MitjaNemec_PlaceFootprints.place_footprints 156:Footprint D45 on root level
12-01 23:56:06 com_github_MitjaNemec_PlaceFootprints.place_footprints 156:Footprint D14 on root level
12-01 23:56:06 com_github_MitjaNemec_PlaceFootprints.place_footprints 156:Footprint C11 on root level
12-01 23:56:06 com_github_MitjaNemec_PlaceFootprints.place_footprints 156:Footprint D59 on root level
12-01 23:56:06 com_github_MitjaNemec_PlaceFootprints.place_footprints 156:Footprint C18 on root level
12-01 23:56:06 com_github_MitjaNemec_PlaceFootprints.place_footprints 156:Footprint D48 on root level
12-01 23:56:06 com_github_MitjaNemec_PlaceFootprints.place_footprints 156:Footprint C15 on root level
12-01 23:56:06 com_github_MitjaNemec_PlaceFootprints.place_footprints 156:Footprint U3 on root level
12-01 23:56:06 com_github_MitjaNemec_PlaceFootprints.place_footprints 156:Footprint D52 on root level
12-01 23:56:06 com_github_MitjaNemec_PlaceFootprints.place_footprints 156:Footprint D28 on root level
12-01 23:56:06 com_github_MitjaNemec_PlaceFootprints.place_footprints 156:Footprint S14 on root level
12-01 23:56:06 com_github_MitjaNemec_PlaceFootprints.place_footprints 156:Footprint C26 on root level
12-01 23:56:06 com_github_MitjaNemec_PlaceFootprints.place_footprints 156:Footprint C6 on root level
12-01 23:56:06 com_github_MitjaNemec_PlaceFootprints.place_footprints 156:Footprint D25 on root level
12-01 23:56:06 com_github_MitjaNemec_PlaceFootprints.place_footprints 156:Footprint D18 on root level
12-01 23:56:06 com_github_MitjaNemec_PlaceFootprints.place_footprints 156:Footprint LED5 on root level
12-01 23:56:06 com_github_MitjaNemec_PlaceFootprints.place_footprints 156:Footprint S3 on root level
12-01 23:56:06 com_github_MitjaNemec_PlaceFootprints.place_footprints 156:Footprint D45 on root level
12-01 23:56:06 com_github_MitjaNemec_PlaceFootprints.place_footprints 156:Footprint D41 on root level
12-01 23:56:06 com_github_MitjaNemec_PlaceFootprints.place_footprints 156:Footprint D23 on root level
12-01 23:56:06 com_github_MitjaNemec_PlaceFootprints.place_footprints 156:Footprint D49 on root level
12-01 23:56:06 com_github_MitjaNemec_PlaceFootprints.place_footprints 156:Footprint LED15 on root level
12-01 23:56:06 com_github_MitjaNemec_PlaceFootprints.place_footprints 156:Footprint LED2 on root level
12-01 23:56:06 com_github_MitjaNemec_PlaceFootprints.place_footprints 156:Footprint S29 on root level
12-01 23:56:06 com_github_MitjaNemec_PlaceFootprints.place_footprints 156:Footprint S28 on root level
12-01 23:56:06 com_github_MitjaNemec_PlaceFootprints.place_footprints 156:Footprint LED23 on root level
12-01 23:56:06 com_github_MitjaNemec_PlaceFootprints.place_footprints 156:Footprint S2 on root level
12-01 23:56:06 com_github_MitjaNemec_PlaceFootprints.place_footprints 156:Footprint LED17 on root level
12-01 23:56:06 com_github_MitjaNemec_PlaceFootprints.place_footprints 156:Footprint C25 on root level
12-01 23:56:06 com_github_MitjaNemec_PlaceFootprints.place_footprints 156:Footprint LED24 on root level
12-01 23:56:06 com_github_MitjaNemec_PlaceFootprints.place_footprints 156:Footprint D32 on root level
12-01 23:56:06 com_github_MitjaNemec_PlaceFootprints.place_footprints 156:Footprint D57 on root level
12-01 23:56:06 com_github_MitjaNemec_PlaceFootprints.place_footprints 156:Footprint C27 on root level
12-01 23:56:06 com_github_MitjaNemec_PlaceFootprints.place_footprints 156:Footprint S9 on root level
12-01 23:56:06 com_github_MitjaNemec_PlaceFootprints.place_footprints 156:Footprint D1 on root level
12-01 23:56:06 com_github_MitjaNemec_PlaceFootprints.place_footprints 156:Footprint S23 on root level
12-01 23:56:06 com_github_MitjaNemec_PlaceFootprints.place_footprints 156:Footprint LED30 on root level
12-01 23:56:06 com_github_MitjaNemec_PlaceFootprints.place_footprints 156:Footprint S31 on root level
12-01 23:56:06 com_github_MitjaNemec_PlaceFootprints.place_footprints 156:Footprint D48 on root level
12-01 23:56:06 com_github_MitjaNemec_PlaceFootprints.place_footprints 156:Footprint S14 on root level
12-01 23:56:06 com_github_MitjaNemec_PlaceFootprints.place_footprints 156:Footprint S25 on root level
12-01 23:56:06 com_github_MitjaNemec_PlaceFootprints.place_footprints 156:Footprint D17 on root level
12-01 23:56:06 com_github_MitjaNemec_PlaceFootprints.place_footprints 156:Footprint D46 on root level
12-01 23:56:06 com_github_MitjaNemec_PlaceFootprints.place_footprints 156:Footprint D20 on root level
12-01 23:56:06 com_github_MitjaNemec_PlaceFootprints.place_footprints 156:Footprint S11 on root level
12-01 23:56:06 com_github_MitjaNemec_PlaceFootprints.place_footprints 156:Footprint D58 on root level
12-01 23:56:06 com_github_MitjaNemec_PlaceFootprints.place_footprints 156:Footprint S22 on root level
12-01 23:56:06 com_github_MitjaNemec_PlaceFootprints.place_footprints 156:Footprint S31 on root level
12-01 23:56:06 com_github_MitjaNemec_PlaceFootprints.place_footprints 156:Footprint C30 on root level
12-01 23:56:06 com_github_MitjaNemec_PlaceFootprints.place_footprints 156:Footprint D16 on root level
12-01 23:56:06 com_github_MitjaNemec_PlaceFootprints.place_footprints 156:Footprint D7 on root level
12-01 23:56:06 com_github_MitjaNemec_PlaceFootprints.place_footprints 156:Footprint S24 on root level
12-01 23:56:06 com_github_MitjaNemec_PlaceFootprints.place_footprints 156:Footprint C1 on root level
12-01 23:56:06 com_github_MitjaNemec_PlaceFootprints.place_footprints 156:Footprint S19 on root level
12-01 23:56:06 com_github_MitjaNemec_PlaceFootprints.place_footprints 156:Footprint LED8 on root level
12-01 23:56:06 com_github_MitjaNemec_PlaceFootprints.place_footprints 156:Footprint D30 on root level
12-01 23:56:06 com_github_MitjaNemec_PlaceFootprints.place_footprints 156:Footprint D31 on root level
12-01 23:56:06 com_github_MitjaNemec_PlaceFootprints.place_footprints 156:Footprint D3 on root level
12-01 23:56:06 com_github_MitjaNemec_PlaceFootprints.place_footprints 156:Footprint D61 on root level
12-01 23:56:06 com_github_MitjaNemec_PlaceFootprints.place_footprints 156:Footprint D8 on root level
12-01 23:56:06 com_github_MitjaNemec_PlaceFootprints.place_footprints 156:Footprint S29 on root level
12-01 23:56:06 com_github_MitjaNemec_PlaceFootprints.place_footprints 156:Footprint S18 on root level
12-01 23:56:06 com_github_MitjaNemec_PlaceFootprints.place_footprints 156:Footprint S19 on root level
12-01 23:56:06 com_github_MitjaNemec_PlaceFootprints.place_footprints 156:Footprint C28 on root level
12-01 23:56:06 com_github_MitjaNemec_PlaceFootprints.place_footprints 156:Footprint D35 on root level
12-01 23:56:06 com_github_MitjaNemec_PlaceFootprints.place_footprints 156:Footprint D26 on root level
12-01 23:56:06 com_github_MitjaNemec_PlaceFootprints.place_footprints 156:Footprint D12 on root level
12-01 23:56:06 com_github_MitjaNemec_PlaceFootprints.place_footprints 156:Footprint D36 on root level
12-01 23:56:06 com_github_MitjaNemec_PlaceFootprints.place_footprints 156:Footprint S20 on root level
12-01 23:56:06 com_github_MitjaNemec_PlaceFootprints.place_footprints 156:Footprint S6 on root level
12-01 23:56:06 com_github_MitjaNemec_PlaceFootprints.place_footprints 156:Footprint D35 on root level
12-01 23:56:06 com_github_MitjaNemec_PlaceFootprints.place_footprints 156:Footprint S4 on root level
12-01 23:56:06 com_github_MitjaNemec_PlaceFootprints.place_footprints 156:Footprint S24 on root level
12-01 23:56:06 com_github_MitjaNemec_PlaceFootprints.place_footprints 156:Footprint C21 on root level
12-01 23:56:06 com_github_MitjaNemec_PlaceFootprints.place_footprints 156:Footprint D54 on root level
12-01 23:56:06 com_github_MitjaNemec_PlaceFootprints.place_footprints 156:Footprint LED18 on root level
12-01 23:56:06 com_github_MitjaNemec_PlaceFootprints.place_footprints 156:Footprint S18 on root level
12-01 23:56:06 com_github_MitjaNemec_PlaceFootprints.place_footprints 156:Footprint S7 on root level
12-01 23:56:06 com_github_MitjaNemec_PlaceFootprints.place_footprints 156:Footprint D40 on root level
12-01 23:56:06 com_github_MitjaNemec_PlaceFootprints.place_footprints 156:Footprint S13 on root level
12-01 23:56:06 com_github_MitjaNemec_PlaceFootprints.place_footprints 156:Footprint D15 on root level
12-01 23:56:06 com_github_MitjaNemec_PlaceFootprints.place_footprints 156:Footprint C17 on root level
12-01 23:56:06 com_github_MitjaNemec_PlaceFootprints.place_footprints 156:Footprint D10 on root level
12-01 23:56:06 com_github_MitjaNemec_PlaceFootprints.place_footprints 156:Footprint D53 on root level
12-01 23:56:06 com_github_MitjaNemec_PlaceFootprints.place_footprints 156:Footprint D5 on root level
12-01 23:56:06 com_github_MitjaNemec_PlaceFootprints.place_footprints 156:Footprint S15 on root level
12-01 23:56:06 com_github_MitjaNemec_PlaceFootprints.place_footprints 156:Footprint S16 on root level
12-01 23:56:06 com_github_MitjaNemec_PlaceFootprints.place_footprints 156:Footprint D6 on root level
12-01 23:56:06 com_github_MitjaNemec_PlaceFootprints.place_footprints 156:Footprint S10 on root level
12-01 23:56:06 com_github_MitjaNemec_PlaceFootprints.place_footprints 156:Footprint LED7 on root level
12-01 23:56:06 com_github_MitjaNemec_PlaceFootprints.place_footprints 156:Footprint LED21 on root level
12-01 23:56:06 com_github_MitjaNemec_PlaceFootprints.place_footprints 156:Footprint D47 on root level
12-01 23:56:06 com_github_MitjaNemec_PlaceFootprints.place_footprints 156:Footprint D46 on root level
12-01 23:56:06 com_github_MitjaNemec_PlaceFootprints.place_footprints 156:Footprint S30 on root level
12-01 23:56:06 com_github_MitjaNemec_PlaceFootprints.place_footprints 156:Footprint D50 on root level
12-01 23:56:06 com_github_MitjaNemec_PlaceFootprints.place_footprints 156:Footprint C4 on root level
12-01 23:56:06 com_github_MitjaNemec_PlaceFootprints.place_footprints 156:Footprint D52 on root level
12-01 23:56:06 com_github_MitjaNemec_PlaceFootprints.place_footprints 156:Footprint D59 on root level
12-01 23:56:06 com_github_MitjaNemec_PlaceFootprints.place_footprints 156:Footprint C23 on root level
12-01 23:56:06 com_github_MitjaNemec_PlaceFootprints.place_footprints 156:Footprint C10 on root level
12-01 23:56:06 com_github_MitjaNemec_PlaceFootprints.place_footprints 156:Footprint L2 on root level
12-01 23:56:06 com_github_MitjaNemec_PlaceFootprints.place_footprints 156:Footprint D38 on root level
12-01 23:56:06 com_github_MitjaNemec_PlaceFootprints.place_footprints 156:Footprint LED26 on root level
12-01 23:56:06 com_github_MitjaNemec_PlaceFootprints.place_footprints 156:Footprint S8 on root level
12-01 23:56:06 com_github_MitjaNemec_PlaceFootprints.place_footprints 156:Footprint C31 on root level
12-01 23:56:06 com_github_MitjaNemec_PlaceFootprints.place_footprints 156:Footprint S17 on root level
12-01 23:56:06 com_github_MitjaNemec_PlaceFootprints.place_footprints 156:Footprint J1 on root level
12-01 23:56:06 com_github_MitjaNemec_PlaceFootprints.place_footprints 156:Footprint D13 on root level
12-01 23:56:06 com_github_MitjaNemec_PlaceFootprints.place_footprints 156:Footprint C5 on root level
12-01 23:56:06 com_github_MitjaNemec_PlaceFootprints.place_footprints 156:Footprint D40 on root level
12-01 23:56:06 com_github_MitjaNemec_PlaceFootprints.place_footprints 156:Footprint D57 on root level
12-01 23:56:06 com_github_MitjaNemec_PlaceFootprints.place_footprints 156:Footprint LED14 on root level
12-01 23:56:06 com_github_MitjaNemec_PlaceFootprints.place_footprints 156:Footprint C19 on root level
12-01 23:56:06 com_github_MitjaNemec_PlaceFootprints.place_footprints 156:Footprint D36 on root level
12-01 23:56:06 com_github_MitjaNemec_PlaceFootprints.place_footprints 156:Footprint D29 on root level
12-01 23:56:06 com_github_MitjaNemec_PlaceFootprints.place_footprints 156:Footprint S10 on root level
12-01 23:56:06 com_github_MitjaNemec_PlaceFootprints.place_footprints 156:Footprint S2 on root level
12-01 23:56:06 com_github_MitjaNemec_PlaceFootprints.place_footprints 156:Footprint D21 on root level
12-01 23:56:06 com_github_MitjaNemec_PlaceFootprints.place_footprints 156:Footprint D42 on root level
12-01 23:56:06 com_github_MitjaNemec_PlaceFootprints.place_footprints 156:Footprint S26 on root level
12-01 23:56:06 com_github_MitjaNemec_PlaceFootprints.place_footprints 156:Footprint S13 on root level
12-01 23:56:06 com_github_MitjaNemec_PlaceFootprints.place_footprints 156:Footprint D27 on root level
12-01 23:56:06 com_github_MitjaNemec_PlaceFootprints.place_footprints 156:Footprint D49 on root level
12-01 23:56:06 com_github_MitjaNemec_PlaceFootprints.place_footprints 156:Footprint C34 on root level
12-01 23:56:06 com_github_MitjaNemec_PlaceFootprints.place_footprints 156:Footprint D50 on root level
12-01 23:56:06 com_github_MitjaNemec_PlaceFootprints.place_footprints 156:Footprint C24 on root level
12-01 23:56:06 com_github_MitjaNemec_PlaceFootprints.place_footprints 156:Footprint D62 on root level
12-01 23:56:06 com_github_MitjaNemec_PlaceFootprints.place_footprints 156:Footprint D39 on root level
12-01 23:56:06 com_github_MitjaNemec_PlaceFootprints.place_footprints 156:Footprint LED12 on root level
12-01 23:56:06 com_github_MitjaNemec_PlaceFootprints.place_footprints 156:Footprint SuperMiniNRF53840 on root level
12-01 23:56:06 com_github_MitjaNemec_PlaceFootprints.place_footprints 156:Footprint S12 on root level
12-01 23:56:06 com_github_MitjaNemec_PlaceFootprints.place_footprints 156:Footprint C35 on root level
12-01 23:56:06 com_github_MitjaNemec_PlaceFootprints.place_footprints 156:Footprint D9 on root level
12-01 23:56:06 com_github_MitjaNemec_PlaceFootprints.place_footprints 156:Footprint C16 on root level
12-01 23:56:06 com_github_MitjaNemec_PlaceFootprints.place_footprints 156:Footprint S23 on root level
12-01 23:56:06 com_github_MitjaNemec_PlaceFootprints.place_footprints 156:Footprint D34 on root level
12-01 23:56:06 com_github_MitjaNemec_PlaceFootprints.place_footprints 156:Footprint C22 on root level
12-01 23:56:06 com_github_MitjaNemec_PlaceFootprints.place_footprints 156:Footprint D47 on root level
12-01 23:56:06 com_github_MitjaNemec_PlaceFootprints.place_footprints 156:Footprint LED3 on root level
12-01 23:56:06 com_github_MitjaNemec_PlaceFootprints.place_footprints 156:Footprint LED11 on root level
12-01 23:56:06 com_github_MitjaNemec_PlaceFootprints.place_footprints 156:Footprint S11 on root level
12-01 23:56:06 com_github_MitjaNemec_PlaceFootprints.place_footprints 156:Footprint S30 on root level
12-01 23:56:06 com_github_MitjaNemec_PlaceFootprints.place_footprints 156:Footprint S16 on root level
12-01 23:56:06 com_github_MitjaNemec_PlaceFootprints.place_footprints 156:Footprint D43 on root level
12-01 23:56:06 com_github_MitjaNemec_PlaceFootprints.place_footprints 156:Footprint D56 on root level
12-01 23:56:06 com_github_MitjaNemec_PlaceFootprints.place_footprints 156:Footprint D33 on root level
12-01 23:56:06 com_github_MitjaNemec_PlaceFootprints.place_footprints 156:Footprint D43 on root level
12-01 23:56:06 com_github_MitjaNemec_PlaceFootprints.place_footprints 156:Footprint S12 on root level
12-01 23:56:06 com_github_MitjaNemec_PlaceFootprints.place_footprints 156:Footprint C13 on root level
12-01 23:56:06 com_github_MitjaNemec_PlaceFootprints.place_footprints 156:Footprint C32 on root level
12-01 23:56:06 com_github_MitjaNemec_PlaceFootprints.place_footprints 156:Footprint JP1 on root level
12-01 23:56:06 com_github_MitjaNemec_PlaceFootprints.place_footprints 156:Footprint LED20 on root level
12-01 23:56:06 com_github_MitjaNemec_PlaceFootprints.place_footprints 156:Footprint D55 on root level
12-01 23:56:06 com_github_MitjaNemec_PlaceFootprints.place_footprints 156:Footprint S17 on root level
12-01 23:56:06 com_github_MitjaNemec_PlaceFootprints.place_footprints 156:Footprint D53 on root level
12-01 23:56:06 com_github_MitjaNemec_PlaceFootprints.place_footprints 156:Footprint D44 on root level
12-01 23:56:06 com_github_MitjaNemec_PlaceFootprints.place_footprints 156:Footprint S9 on root level
12-01 23:56:06 com_github_MitjaNemec_PlaceFootprints.place_footprints 156:Footprint S25 on root level
12-01 23:56:06 com_github_MitjaNemec_PlaceFootprints.place_footprints 156:Footprint D11 on root level
12-01 23:56:06 com_github_MitjaNemec_PlaceFootprints.place_footprints 156:Footprint MCU1 on root level
12-01 23:56:06 com_github_MitjaNemec_PlaceFootprints.place_footprints 156:Footprint D22 on root level
12-01 23:56:06 com_github_MitjaNemec_PlaceFootprints.place_footprints 156:Footprint D51 on root level
12-01 23:56:06 com_github_MitjaNemec_PlaceFootprints.place_footprints 156:Footprint S8 on root level
12-01 23:56:06 com_github_MitjaNemec_PlaceFootprints.place_footprints 156:Footprint S26 on root level
12-01 23:56:06 com_github_MitjaNemec_PlaceFootprints.place_footprints 156:Footprint S5 on root level
12-01 23:56:06 com_github_MitjaNemec_PlaceFootprints.place_footprints 156:Footprint D56 on root level
12-01 23:56:06 com_github_MitjaNemec_PlaceFootprints.place_footprints 156:Footprint LED9 on root level
12-01 23:56:06 com_github_MitjaNemec_PlaceFootprints.place_footprints 156:Footprint S4 on root level
12-01 23:56:06 com_github_MitjaNemec_PlaceFootprints.place_footprints 156:Footprint S27 on root level
12-01 23:56:06 com_github_MitjaNemec_PlaceFootprints.place_footprints 156:Footprint D61 on root level
12-01 23:56:06 com_github_MitjaNemec_PlaceFootprints.place_footprints 156:Footprint LED1 on root level
12-01 23:56:06 com_github_MitjaNemec_PlaceFootprints.place_footprints 156:Footprint S1 on root level
12-01 23:56:06 com_github_MitjaNemec_PlaceFootprints.place_footprints 156:Footprint D33 on root level
12-01 23:56:06 com_github_MitjaNemec_PlaceFootprints.place_footprints 156:Footprint NT1 on root level
12-01 23:56:06 com_github_MitjaNemec_PlaceFootprints.place_footprints 156:Footprint C2 on root level
12-01 23:56:06 com_github_MitjaNemec_PlaceFootprints.place_footprints 156:Footprint D32 on root level
12-01 23:56:06 com_github_MitjaNemec_PlaceFootprints.place_footprints 156:Footprint LED31 on root level
12-01 23:56:06 com_github_MitjaNemec_PlaceFootprints.place_footprints 156:Footprint S27 on root level
12-01 23:56:06 com_github_MitjaNemec_PlaceFootprints.place_footprints 156:Footprint SW1 on root level
12-01 23:56:06 com_github_MitjaNemec_PlaceFootprints.place_footprints 156:Footprint S6 on root level
12-01 23:56:06 com_github_MitjaNemec_PlaceFootprints.place_footprints 156:Footprint D2 on root level
12-01 23:56:06 com_github_MitjaNemec_PlaceFootprints.place_footprints 156:Footprint D24 on root level
12-01 23:56:06 com_github_MitjaNemec_PlaceFootprints.place_footprints 156:Footprint S21 on root level
12-01 23:56:06 com_github_MitjaNemec_PlaceFootprints.place_footprints 156:Footprint D58 on root level
12-01 23:56:06 com_github_MitjaNemec_PlaceFootprints.place_footprints 156:Footprint S22 on root level
12-01 23:56:06 com_github_MitjaNemec_PlaceFootprints.place_footprints 156:Footprint S20 on root level
12-01 23:56:06 com_github_MitjaNemec_PlaceFootprints.place_footprints 156:Footprint S21 on root level
12-01 23:56:06 com_github_MitjaNemec_PlaceFootprints.place_footprints 156:Footprint LED6 on root level
12-01 23:56:06 com_github_MitjaNemec_PlaceFootprints.place_footprints 156:Footprint S28 on root level
12-01 23:56:06 com_github_MitjaNemec_PlaceFootprints.place_footprints 156:Footprint D37 on root level
12-01 23:56:06 com_github_MitjaNemec_PlaceFootprints.place_footprints 156:Footprint C29 on root level
12-01 23:56:06 com_github_MitjaNemec_PlaceFootprints.place_footprints 156:Footprint LED22 on root level
12-01 23:56:06 com_github_MitjaNemec_PlaceFootprints.place_footprints 156:Footprint LED10 on root level
12-01 23:56:06 com_github_MitjaNemec_PlaceFootprints.place_footprints 156:Footprint LED31 on root level
12-01 23:56:06 com_github_MitjaNemec_PlaceFootprints.place_footprints 156:Footprint D8 on root level
12-01 23:56:06 com_github_MitjaNemec_PlaceFootprints.place_footprints 156:Footprint D14 on root level
12-01 23:56:06 com_github_MitjaNemec_PlaceFootprints.place_footprints 156:Footprint LED7 on root level
12-01 23:56:06 com_github_MitjaNemec_PlaceFootprints.place_footprints 156:Footprint LED20 on root level
12-01 23:56:06 com_github_MitjaNemec_PlaceFootprints.place_footprints 156:Footprint LED26 on root level
12-01 23:56:06 com_github_MitjaNemec_PlaceFootprints.place_footprints 156:Footprint D25 on root level
12-01 23:56:06 com_github_MitjaNemec_PlaceFootprints.place_footprints 156:Footprint LED18 on root level
12-01 23:56:06 com_github_MitjaNemec_PlaceFootprints.place_footprints 156:Footprint D27 on root level
12-01 23:56:06 com_github_MitjaNemec_PlaceFootprints.place_footprints 156:Footprint LED17 on root level
12-01 23:56:06 com_github_MitjaNemec_PlaceFootprints.place_footprints 156:Footprint LED16 on root level
12-01 23:56:06 com_github_MitjaNemec_PlaceFootprints.place_footprints 156:Footprint LED9 on root level
12-01 23:56:06 com_github_MitjaNemec_PlaceFootprints.place_footprints 156:Footprint D31 on root level
12-01 23:56:06 com_github_MitjaNemec_PlaceFootprints.place_footprints 156:Footprint LED3 on root level
12-01 23:56:06 com_github_MitjaNemec_PlaceFootprints.place_footprints 156:Footprint LED22 on root level
12-01 23:56:06 com_github_MitjaNemec_PlaceFootprints.place_footprints 156:Footprint LED13 on root level
12-01 23:56:06 com_github_MitjaNemec_PlaceFootprints.place_footprints 156:Footprint LED28 on root level
12-01 23:56:06 com_github_MitjaNemec_PlaceFootprints.place_footprints 156:Footprint D3 on root level
12-01 23:56:06 com_github_MitjaNemec_PlaceFootprints.place_footprints 156:Footprint D4 on root level
12-01 23:56:06 com_github_MitjaNemec_PlaceFootprints.place_footprints 156:Footprint D24 on root level
12-01 23:56:06 com_github_MitjaNemec_PlaceFootprints.place_footprints 156:Footprint LED12 on root level
12-01 23:56:06 com_github_MitjaNemec_PlaceFootprints.place_footprints 156:Footprint LED19 on root level
12-01 23:56:06 com_github_MitjaNemec_PlaceFootprints.place_footprints 156:Footprint D16 on root level
12-01 23:56:06 com_github_MitjaNemec_PlaceFootprints.place_footprints 156:Footprint D15 on root level
12-01 23:56:06 com_github_MitjaNemec_PlaceFootprints.place_footprints 156:Footprint LED11 on root level
12-01 23:56:06 com_github_MitjaNemec_PlaceFootprints.place_footprints 156:Footprint D13 on root level
12-01 23:56:06 com_github_MitjaNemec_PlaceFootprints.place_footprints 156:Footprint D21 on root level
12-01 23:56:06 com_github_MitjaNemec_PlaceFootprints.place_footprints 156:Footprint LED27 on root level
12-01 23:56:06 com_github_MitjaNemec_PlaceFootprints.place_footprints 156:Footprint LED5 on root level
12-01 23:56:06 com_github_MitjaNemec_PlaceFootprints.place_footprints 156:Footprint D9 on root level
12-01 23:56:06 com_github_MitjaNemec_PlaceFootprints.place_footprints 156:Footprint D11 on root level
12-01 23:56:06 com_github_MitjaNemec_PlaceFootprints.place_footprints 156:Footprint LED10 on root level
12-01 23:56:06 com_github_MitjaNemec_PlaceFootprints.place_footprints 156:Footprint D18 on root level
12-01 23:56:06 com_github_MitjaNemec_PlaceFootprints.place_footprints 156:Footprint D1 on root level
12-01 23:56:06 com_github_MitjaNemec_PlaceFootprints.place_footprints 156:Footprint LED6 on root level
12-01 23:56:06 com_github_MitjaNemec_PlaceFootprints.place_footprints 156:Footprint D6 on root level
12-01 23:56:06 com_github_MitjaNemec_PlaceFootprints.place_footprints 156:Footprint D10 on root level
12-01 23:56:06 com_github_MitjaNemec_PlaceFootprints.place_footprints 156:Footprint LED30 on root level
12-01 23:56:06 com_github_MitjaNemec_PlaceFootprints.place_footprints 156:Footprint LED14 on root level
12-01 23:56:06 com_github_MitjaNemec_PlaceFootprints.place_footprints 156:Footprint LED1 on root level
12-01 23:56:06 com_github_MitjaNemec_PlaceFootprints.place_footprints 156:Footprint LED29 on root level
12-01 23:56:06 com_github_MitjaNemec_PlaceFootprints.place_footprints 156:Footprint D19 on root level
12-01 23:56:06 com_github_MitjaNemec_PlaceFootprints.place_footprints 156:Footprint LED2 on root level
12-01 23:56:06 com_github_MitjaNemec_PlaceFootprints.place_footprints 156:Footprint LED21 on root level
12-01 23:56:06 com_github_MitjaNemec_PlaceFootprints.place_footprints 156:Footprint D2 on root level
12-01 23:56:06 com_github_MitjaNemec_PlaceFootprints.place_footprints 156:Footprint D23 on root level
12-01 23:56:06 com_github_MitjaNemec_PlaceFootprints.place_footprints 156:Footprint D26 on root level
12-01 23:56:06 com_github_MitjaNemec_PlaceFootprints.place_footprints 156:Footprint D20 on root level
12-01 23:56:06 com_github_MitjaNemec_PlaceFootprints.place_footprints 156:Footprint D29 on root level
12-01 23:56:06 com_github_MitjaNemec_PlaceFootprints.place_footprints 156:Footprint LED25 on root level
12-01 23:56:06 com_github_MitjaNemec_PlaceFootprints.place_footprints 156:Footprint D28 on root level
12-01 23:56:06 com_github_MitjaNemec_PlaceFootprints.place_footprints 156:Footprint D7 on root level
12-01 23:56:06 com_github_MitjaNemec_PlaceFootprints.place_footprints 156:Footprint D30 on root level
12-01 23:56:06 com_github_MitjaNemec_PlaceFootprints.place_footprints 156:Footprint LED15 on root level
12-01 23:56:06 com_github_MitjaNemec_PlaceFootprints.place_footprints 156:Footprint LED23 on root level
12-01 23:56:06 com_github_MitjaNemec_PlaceFootprints.place_footprints 156:Footprint LED4 on root level
12-01 23:56:06 com_github_MitjaNemec_PlaceFootprints.place_footprints 156:Footprint D5 on root level
12-01 23:56:06 com_github_MitjaNemec_PlaceFootprints.place_footprints 156:Footprint LED8 on root level
12-01 23:56:06 com_github_MitjaNemec_PlaceFootprints.place_footprints 156:Footprint D12 on root level
12-01 23:56:06 com_github_MitjaNemec_PlaceFootprints.place_footprints 156:Footprint D17 on root level
12-01 23:56:06 com_github_MitjaNemec_PlaceFootprints.place_footprints 156:Footprint D22 on root level
12-01 23:56:07 com_github_MitjaNemec_PlaceFootprints.action_place_footprints 830:Reference designator is: S
12-01 23:56:07 com_github_MitjaNemec_PlaceFootprints.action_place_footprints 831:Reference number is: 4
12-01 23:56:07 com_github_MitjaNemec_PlaceFootprints.action_place_footprints 863:Sorted and filtered list:
['S4']
12-01 23:56:08 com_github_MitjaNemec_PlaceFootprints.action_place_footprints 359:wx.Colour(240, 240, 240, 255)
12-01 23:56:16 com_github_MitjaNemec_PlaceFootprints.action_place_footprints 490:'17.05'
12-01 23:56:16 com_github_MitjaNemec_PlaceFootprints.action_place_footprints 536:Preparing config for reference linear
12-01 23:56:16 com_github_MitjaNemec_PlaceFootprints.action_place_footprints 556:Saving config file
12-01 23:56:16 com_github_MitjaNemec_PlaceFootprints.action_place_footprints 558:Saved the config file
12-01 23:56:16 com_github_MitjaNemec_PlaceFootprints.action_place_footprints 901:Footprints to place:
['S4']
12-01 23:56:16 com_github_MitjaNemec_PlaceFootprints.place_footprints 367:Starting placing with linear layout
12-01 23:56:16 com_github_MitjaNemec_PlaceFootprints.action_place_footprints 942:Placing complete
